  10.21.1.c
D:\q\c\10.21.1\10.21.1\10.21.1.c(8,9): warning C4477: “printf”: 格式字符串“%d”需要类型“int”的参数，但可变参数 1 拥有了类型“int *”
D:\q\c\10.21.1\10.21.1\10.21.1.c(8,9): warning C4477: “printf”: 格式字符串“%d”需要类型“int”的参数，但可变参数 2 拥有了类型“int *”
D:\q\c\10.21.1\10.21.1\10.21.1.c(8,9): warning C4477: “printf”: 格式字符串“%d”需要类型“int”的参数，但可变参数 3 拥有了类型“int *”
D:\q\c\10.21.1\10.21.1\10.21.1.c(18,9): warning C4477: “printf”: 格式字符串“%d”需要类型“int”的参数，但可变参数 1 拥有了类型“int *”
D:\q\c\10.21.1\10.21.1\10.21.1.c(22,9): warning C4477: “printf”: 格式字符串“%d”需要类型“int”的参数，但可变参数 1 拥有了类型“double *”
D:\q\c\10.21.1\10.21.1\10.21.1.c(23,9): warning C4477: “printf”: 格式字符串“%d”需要类型“int”的参数，但可变参数 1 拥有了类型“double *”
D:\q\c\10.21.1\10.21.1\10.21.1.c(27,9): warning C4477: “printf”: 格式字符串“%d”需要类型“int”的参数，但可变参数 1 拥有了类型“char *”
D:\q\c\10.21.1\10.21.1\10.21.1.c(28,9): warning C4477: “printf”: 格式字符串“%d”需要类型“int”的参数，但可变参数 1 拥有了类型“char *”
D:\q\c\10.21.1\10.21.1\10.21.1.c(32,9): warning C4477: “printf”: 格式字符串“%d”需要类型“int”的参数，但可变参数 1 拥有了类型“double *”
D:\q\c\10.21.1\10.21.1\10.21.1.c(39,9): warning C4477: “printf”: 格式字符串“%d”需要类型“int”的参数，但可变参数 1 拥有了类型“int *”
D:\q\c\10.21.1\10.21.1\10.21.1.c(40,9): warning C4477: “printf”: 格式字符串“%d”需要类型“int”的参数，但可变参数 1 拥有了类型“int *”
D:\q\c\10.21.1\10.21.1\10.21.1.c(44,9): warning C4477: “printf”: 格式字符串“%d”需要类型“int”的参数，但可变参数 1 拥有了类型“int *”
D:\q\c\10.21.1\10.21.1\10.21.1.c(45,9): warning C4477: “printf”: 格式字符串“%d”需要类型“int”的参数，但可变参数 1 拥有了类型“int *”
D:\q\c\10.21.1\10.21.1\10.21.1.c(46,9): warning C4477: “printf”: 格式字符串“%d”需要类型“int”的参数，但可变参数 1 拥有了类型“int *”
D:\q\c\10.21.1\10.21.1\10.21.1.c(100,9): warning C4477: “printf”: 格式字符串“%d”需要类型“int”的参数，但可变参数 1 拥有了类型“int (*)[5]”
D:\q\c\10.21.1\10.21.1\10.21.1.c(101,9): warning C4477: “printf”: 格式字符串“%d”需要类型“int”的参数，但可变参数 1 拥有了类型“int (*)[5]”
D:\q\c\10.21.1\10.21.1\10.21.1.c(104,9): warning C4477: “printf”: 格式字符串“%d”需要类型“int”的参数，但可变参数 1 拥有了类型“int *”
D:\q\c\10.21.1\10.21.1\10.21.1.c(105,9): warning C4477: “printf”: 格式字符串“%d”需要类型“int”的参数，但可变参数 1 拥有了类型“int *”
D:\q\c\10.21.1\10.21.1\10.21.1.c(130,9): warning C4477: “printf”: 格式字符串“%d”需要类型“int”的参数，但可变参数 1 拥有了类型“char *”
  10.21.1.vcxproj -> D:\q\c\10.21.1\Debug\10.21.1.exe
